10:09:56.674 [Daemon worker Thread 3] INFO  o.a.AndroidAnnotationProcessor:83 - Initialize AndroidAnnotations 3.3.1 with options {androidManifestFile=/Users/zhaoqin/Muggins/GitHub/EB/WiFiFunction/MergeAirPlay/app/build/intermediates/manifests/full/debug/AndroidManifest.xml}
10:09:56.726 [Daemon worker Thread 3] INFO  o.a.AndroidAnnotationProcessor:107 - Start processing for 1 annotations on 5 elements
10:09:56.735 [Daemon worker Thread 3] DEBUG o.a.h.AndroidManifestFinder:98 - AndroidManifest.xml file found with specified path: /Users/zhaoqin/Muggins/GitHub/EB/WiFiFunction/MergeAirPlay/app/build/intermediates/manifests/full/debug/AndroidManifest.xml
10:09:56.860 [Daemon worker Thread 3] INFO  o.a.AndroidAnnotationProcessor:170 - AndroidManifest.xml found: AndroidManifest [applicationPackage=com.ebupt.mergeairplay, componentQualifiedNames=[com.ebupt.mergeairplay.MainActivity_], permissionQualifiedNames=[], applicationClassName=null, libraryProject=false, debugabble=false, minSdkVersion=14, maxSdkVersion=-1, targetSdkVersion=22]
10:09:56.861 [Daemon worker Thread 3] INFO  o.a.r.ProjectRClassFinder:50 - Found project R class: com.ebupt.mergeairplay.R
10:09:56.869 [Daemon worker Thread 3] INFO  o.a.r.AndroidRClassFinder:44 - Found Android class: android.R
10:09:56.883 [Daemon worker Thread 3] INFO  o.a.p.ModelValidator:42 - Validating elements
10:09:56.883 [Daemon worker Thread 3] DEBUG o.a.p.ModelValidator:62 - Validating with EActivityHandler: [com.ebupt.mergeairplay.MainActivity]
10:09:56.895 [Daemon worker Thread 3] INFO  o.a.p.ModelProcessor:74 - Processing root elements
10:09:56.895 [Daemon worker Thread 3] DEBUG o.a.p.ModelProcessor:176 - Processing root elements EActivityHandler: [com.ebupt.mergeairplay.MainActivity]
10:09:56.921 [Daemon worker Thread 3] INFO  o.a.p.ModelProcessor:86 - Processing enclosed elements
10:09:56.921 [Daemon worker Thread 3] INFO  o.a.AndroidAnnotationProcessor:249 - Number of files generated by AndroidAnnotations: 1
10:09:56.923 [Daemon worker Thread 3] INFO  o.a.g.ApiCodeGenerator:52 - Writting following API classes in project: []
10:09:56.923 [Daemon worker Thread 3] DEBUG o.a.g.SourceCodewriter:55 - Generating class: com.ebupt.mergeairplay.MainActivity_
10:09:56.935 [Daemon worker Thread 3] INFO  o.a.p.TimeStats:81 - Time measurements: [Whole Processing = 209 ms], [Extract Manifest = 126 ms], [Process Annotations = 35 ms], [Find R Classes = 15 ms], [Generate Sources = 14 ms], [Extract Annotations = 7 ms], [Validate Annotations = 3 ms], 
10:09:56.935 [Daemon worker Thread 3] INFO  o.a.AndroidAnnotationProcessor:121 - Finish processing
10:14:02.824 [Daemon worker Thread 4] INFO  o.a.AndroidAnnotationProcessor:83 - Initialize AndroidAnnotations 3.3.1 with options {androidManifestFile=/Users/zhaoqin/Muggins/GitHub/EB/WiFiFunction/MergeAirPlay/app/build/intermediates/manifests/full/debug/AndroidManifest.xml}
10:14:02.870 [Daemon worker Thread 4] INFO  o.a.AndroidAnnotationProcessor:107 - Start processing for 2 annotations on 5 elements
10:14:02.873 [Daemon worker Thread 4] DEBUG o.a.h.AndroidManifestFinder:98 - AndroidManifest.xml file found with specified path: /Users/zhaoqin/Muggins/GitHub/EB/WiFiFunction/MergeAirPlay/app/build/intermediates/manifests/full/debug/AndroidManifest.xml
10:14:02.876 [Daemon worker Thread 4] INFO  o.a.AndroidAnnotationProcessor:170 - AndroidManifest.xml found: AndroidManifest [applicationPackage=com.ebupt.mergeairplay, componentQualifiedNames=[com.ebupt.mergeairplay.MainActivity_], permissionQualifiedNames=[], applicationClassName=null, libraryProject=false, debugabble=false, minSdkVersion=14, maxSdkVersion=-1, targetSdkVersion=22]
10:14:02.877 [Daemon worker Thread 4] INFO  o.a.r.ProjectRClassFinder:50 - Found project R class: com.ebupt.mergeairplay.R
10:14:02.881 [Daemon worker Thread 4] INFO  o.a.r.AndroidRClassFinder:44 - Found Android class: android.R
10:14:02.891 [Daemon worker Thread 4] INFO  o.a.p.ModelValidator:42 - Validating elements
10:14:02.892 [Daemon worker Thread 4] DEBUG o.a.p.ModelValidator:62 - Validating with EActivityHandler: [com.ebupt.mergeairplay.MainActivity]
10:14:02.893 [Daemon worker Thread 4] DEBUG o.a.p.ModelValidator:62 - Validating with ViewByIdHandler: [mToolbar, mWebView]
10:14:02.900 [Daemon worker Thread 4] INFO  o.a.p.ModelProcessor:74 - Processing root elements
10:14:02.900 [Daemon worker Thread 4] DEBUG o.a.p.ModelProcessor:176 - Processing root elements EActivityHandler: [com.ebupt.mergeairplay.MainActivity]
10:14:02.924 [Daemon worker Thread 4] INFO  o.a.p.ModelProcessor:86 - Processing enclosed elements
10:14:02.925 [Daemon worker Thread 4] INFO  o.a.AndroidAnnotationProcessor:249 - Number of files generated by AndroidAnnotations: 1
10:14:02.926 [Daemon worker Thread 4] INFO  o.a.g.ApiCodeGenerator:52 - Writting following API classes in project: []
10:14:02.927 [Daemon worker Thread 4] DEBUG o.a.g.SourceCodewriter:55 - Generating class: com.ebupt.mergeairplay.MainActivity_
10:14:02.939 [Daemon worker Thread 4] INFO  o.a.p.TimeStats:81 - Time measurements: [Whole Processing = 69 ms], [Process Annotations = 30 ms], [Generate Sources = 14 ms], [Find R Classes = 10 ms], [Validate Annotations = 4 ms], [Extract Manifest = 3 ms], [Extract Annotations = 2 ms], 
10:14:02.939 [Daemon worker Thread 4] INFO  o.a.AndroidAnnotationProcessor:121 - Finish processing
10:16:40.541 [Daemon worker Thread 5] INFO  o.a.AndroidAnnotationProcessor:83 - Initialize AndroidAnnotations 3.3.1 with options {androidManifestFile=/Users/zhaoqin/Muggins/GitHub/EB/WiFiFunction/MergeAirPlay/app/build/intermediates/manifests/full/debug/AndroidManifest.xml}
10:16:40.589 [Daemon worker Thread 5] INFO  o.a.AndroidAnnotationProcessor:107 - Start processing for 3 annotations on 5 elements
10:16:40.595 [Daemon worker Thread 5] DEBUG o.a.h.AndroidManifestFinder:98 - AndroidManifest.xml file found with specified path: /Users/zhaoqin/Muggins/GitHub/EB/WiFiFunction/MergeAirPlay/app/build/intermediates/manifests/full/debug/AndroidManifest.xml
10:16:40.598 [Daemon worker Thread 5] INFO  o.a.AndroidAnnotationProcessor:170 - AndroidManifest.xml found: AndroidManifest [applicationPackage=com.ebupt.mergeairplay, componentQualifiedNames=[com.ebupt.mergeairplay.MainActivity_], permissionQualifiedNames=[], applicationClassName=null, libraryProject=false, debugabble=false, minSdkVersion=14, maxSdkVersion=-1, targetSdkVersion=22]
10:16:40.599 [Daemon worker Thread 5] INFO  o.a.r.ProjectRClassFinder:50 - Found project R class: com.ebupt.mergeairplay.R
10:16:40.604 [Daemon worker Thread 5] INFO  o.a.r.AndroidRClassFinder:44 - Found Android class: android.R
10:16:40.623 [Daemon worker Thread 5] INFO  o.a.p.ModelValidator:42 - Validating elements
10:16:40.624 [Daemon worker Thread 5] DEBUG o.a.p.ModelValidator:62 - Validating with EActivityHandler: [com.ebupt.mergeairplay.MainActivity]
10:16:40.629 [Daemon worker Thread 5] DEBUG o.a.p.ModelValidator:62 - Validating with ViewByIdHandler: [mToolbar, mWebView]
10:16:40.633 [Daemon worker Thread 5] DEBUG o.a.p.ModelValidator:62 - Validating with AfterViewsHandler: [initViews()]
10:16:40.654 [Daemon worker Thread 5] INFO  o.a.p.ModelProcessor:74 - Processing root elements
10:16:40.654 [Daemon worker Thread 5] DEBUG o.a.p.ModelProcessor:176 - Processing root elements EActivityHandler: [com.ebupt.mergeairplay.MainActivity]
10:16:40.704 [Daemon worker Thread 5] INFO  o.a.p.ModelProcessor:86 - Processing enclosed elements
10:16:40.706 [Daemon worker Thread 5] INFO  o.a.AndroidAnnotationProcessor:249 - Number of files generated by AndroidAnnotations: 1
10:16:40.707 [Daemon worker Thread 5] INFO  o.a.g.ApiCodeGenerator:52 - Writting following API classes in project: []
10:16:40.708 [Daemon worker Thread 5] DEBUG o.a.g.SourceCodewriter:55 - Generating class: com.ebupt.mergeairplay.MainActivity_
10:16:40.732 [Daemon worker Thread 5] INFO  o.a.p.TimeStats:81 - Time measurements: [Whole Processing = 143 ms], [Process Annotations = 71 ms], [Generate Sources = 27 ms], [Find R Classes = 15 ms], [Validate Annotations = 10 ms], [Extract Annotations = 5 ms], [Extract Manifest = 4 ms], 
10:16:40.732 [Daemon worker Thread 5] INFO  o.a.AndroidAnnotationProcessor:121 - Finish processing
10:20:25.984 [Daemon worker Thread 7] INFO  o.a.AndroidAnnotationProcessor:83 - Initialize AndroidAnnotations 3.3.1 with options {androidManifestFile=/Users/zhaoqin/Muggins/GitHub/EB/WiFiFunction/MergeAirPlay/app/build/intermediates/manifests/full/debug/AndroidManifest.xml}
10:20:26.31 [Daemon worker Thread 7] INFO  o.a.AndroidAnnotationProcessor:107 - Start processing for 3 annotations on 5 elements
10:20:26.36 [Daemon worker Thread 7] DEBUG o.a.h.AndroidManifestFinder:98 - AndroidManifest.xml file found with specified path: /Users/zhaoqin/Muggins/GitHub/EB/WiFiFunction/MergeAirPlay/app/build/intermediates/manifests/full/debug/AndroidManifest.xml
10:20:26.39 [Daemon worker Thread 7] INFO  o.a.AndroidAnnotationProcessor:170 - AndroidManifest.xml found: AndroidManifest [applicationPackage=com.ebupt.mergeairplay, componentQualifiedNames=[com.ebupt.mergeairplay.MainActivity_], permissionQualifiedNames=[], applicationClassName=null, libraryProject=false, debugabble=false, minSdkVersion=14, maxSdkVersion=-1, targetSdkVersion=22]
10:20:26.39 [Daemon worker Thread 7] INFO  o.a.r.ProjectRClassFinder:50 - Found project R class: com.ebupt.mergeairplay.R
10:20:26.42 [Daemon worker Thread 7] INFO  o.a.r.AndroidRClassFinder:44 - Found Android class: android.R
10:20:26.53 [Daemon worker Thread 7] INFO  o.a.p.ModelValidator:42 - Validating elements
10:20:26.53 [Daemon worker Thread 7] DEBUG o.a.p.ModelValidator:62 - Validating with EActivityHandler: [com.ebupt.mergeairplay.MainActivity]
10:20:26.55 [Daemon worker Thread 7] DEBUG o.a.p.ModelValidator:62 - Validating with ViewByIdHandler: [mToolbar, mWebView]
10:20:26.56 [Daemon worker Thread 7] DEBUG o.a.p.ModelValidator:62 - Validating with AfterViewsHandler: [initViews()]
10:20:26.62 [Daemon worker Thread 7] INFO  o.a.p.ModelProcessor:74 - Processing root elements
10:20:26.62 [Daemon worker Thread 7] DEBUG o.a.p.ModelProcessor:176 - Processing root elements EActivityHandler: [com.ebupt.mergeairplay.MainActivity]
10:20:26.81 [Daemon worker Thread 7] INFO  o.a.p.ModelProcessor:86 - Processing enclosed elements
10:20:26.83 [Daemon worker Thread 7] INFO  o.a.AndroidAnnotationProcessor:249 - Number of files generated by AndroidAnnotations: 1
10:20:26.84 [Daemon worker Thread 7] INFO  o.a.g.ApiCodeGenerator:52 - Writting following API classes in project: []
10:20:26.85 [Daemon worker Thread 7] DEBUG o.a.g.SourceCodewriter:55 - Generating class: com.ebupt.mergeairplay.MainActivity_
10:20:26.96 [Daemon worker Thread 7] INFO  o.a.p.TimeStats:81 - Time measurements: [Whole Processing = 65 ms], [Process Annotations = 26 ms], [Generate Sources = 13 ms], [Find R Classes = 8 ms], [Validate Annotations = 5 ms], [Extract Annotations = 4 ms], [Extract Manifest = 4 ms], 
10:20:26.96 [Daemon worker Thread 7] INFO  o.a.AndroidAnnotationProcessor:121 - Finish processing
10:39:57.385 [Daemon worker Thread 8] INFO  o.a.AndroidAnnotationProcessor:83 - Initialize AndroidAnnotations 3.3.1 with options {androidManifestFile=/Users/zhaoqin/Muggins/GitHub/EB/WiFiFunction/MergeAirPlay/app/build/intermediates/manifests/full/debug/AndroidManifest.xml}
10:39:57.433 [Daemon worker Thread 8] INFO  o.a.AndroidAnnotationProcessor:107 - Start processing for 3 annotations on 5 elements
10:39:57.436 [Daemon worker Thread 8] DEBUG o.a.h.AndroidManifestFinder:98 - AndroidManifest.xml file found with specified path: /Users/zhaoqin/Muggins/GitHub/EB/WiFiFunction/MergeAirPlay/app/build/intermediates/manifests/full/debug/AndroidManifest.xml
10:39:57.438 [Daemon worker Thread 8] INFO  o.a.AndroidAnnotationProcessor:170 - AndroidManifest.xml found: AndroidManifest [applicationPackage=com.ebupt.mergeairplay, componentQualifiedNames=[com.ebupt.mergeairplay.MainActivity_], permissionQualifiedNames=[android.permission.INTERNET], applicationClassName=null, libraryProject=false, debugabble=false, minSdkVersion=14, maxSdkVersion=-1, targetSdkVersion=22]
10:39:57.439 [Daemon worker Thread 8] INFO  o.a.r.ProjectRClassFinder:50 - Found project R class: com.ebupt.mergeairplay.R
10:39:57.442 [Daemon worker Thread 8] INFO  o.a.r.AndroidRClassFinder:44 - Found Android class: android.R
10:39:57.451 [Daemon worker Thread 8] INFO  o.a.p.ModelValidator:42 - Validating elements
10:39:57.451 [Daemon worker Thread 8] DEBUG o.a.p.ModelValidator:62 - Validating with EActivityHandler: [com.ebupt.mergeairplay.MainActivity]
10:39:57.453 [Daemon worker Thread 8] DEBUG o.a.p.ModelValidator:62 - Validating with ViewByIdHandler: [mToolbar, mWebView]
10:39:57.455 [Daemon worker Thread 8] DEBUG o.a.p.ModelValidator:62 - Validating with AfterViewsHandler: [initViews()]
10:39:57.462 [Daemon worker Thread 8] INFO  o.a.p.ModelProcessor:74 - Processing root elements
10:39:57.463 [Daemon worker Thread 8] DEBUG o.a.p.ModelProcessor:176 - Processing root elements EActivityHandler: [com.ebupt.mergeairplay.MainActivity]
10:39:57.480 [Daemon worker Thread 8] INFO  o.a.p.ModelProcessor:86 - Processing enclosed elements
10:39:57.482 [Daemon worker Thread 8] INFO  o.a.AndroidAnnotationProcessor:249 - Number of files generated by AndroidAnnotations: 1
10:39:57.483 [Daemon worker Thread 8] INFO  o.a.g.ApiCodeGenerator:52 - Writting following API classes in project: []
10:39:57.484 [Daemon worker Thread 8] DEBUG o.a.g.SourceCodewriter:55 - Generating class: com.ebupt.mergeairplay.MainActivity_
10:39:57.494 [Daemon worker Thread 8] INFO  o.a.p.TimeStats:81 - Time measurements: [Whole Processing = 61 ms], [Process Annotations = 25 ms], [Generate Sources = 13 ms], [Find R Classes = 7 ms], [Validate Annotations = 5 ms], [Extract Manifest = 3 ms], [Extract Annotations = 2 ms], 
10:39:57.494 [Daemon worker Thread 8] INFO  o.a.AndroidAnnotationProcessor:121 - Finish processing
10:57:52.706 [Daemon worker Thread 10] INFO  o.a.AndroidAnnotationProcessor:83 - Initialize AndroidAnnotations 3.3.1 with options {androidManifestFile=/Users/zhaoqin/Muggins/GitHub/EB/WiFiFunction/MergeAirPlay/app/build/intermediates/manifests/full/debug/AndroidManifest.xml}
10:57:52.758 [Daemon worker Thread 10] INFO  o.a.AndroidAnnotationProcessor:107 - Start processing for 3 annotations on 5 elements
10:57:52.761 [Daemon worker Thread 10] DEBUG o.a.h.AndroidManifestFinder:98 - AndroidManifest.xml file found with specified path: /Users/zhaoqin/Muggins/GitHub/EB/WiFiFunction/MergeAirPlay/app/build/intermediates/manifests/full/debug/AndroidManifest.xml
10:57:52.764 [Daemon worker Thread 10] INFO  o.a.AndroidAnnotationProcessor:170 - AndroidManifest.xml found: AndroidManifest [applicationPackage=com.ebupt.mergeairplay, componentQualifiedNames=[com.ebupt.mergeairplay.MainActivity_], permissionQualifiedNames=[android.permission.INTERNET, android.permission.BLUETOOTH, android.permission.BLUETOOTH_ADMIN, android.permission.RECEIVE_BOOT_COMPLETED, android.permission.VIBRATE], applicationClassName=null, libraryProject=false, debugabble=false, minSdkVersion=18, maxSdkVersion=-1, targetSdkVersion=22]
10:57:52.764 [Daemon worker Thread 10] INFO  o.a.r.ProjectRClassFinder:50 - Found project R class: com.ebupt.mergeairplay.R
10:57:52.767 [Daemon worker Thread 10] INFO  o.a.r.AndroidRClassFinder:44 - Found Android class: android.R
10:57:52.778 [Daemon worker Thread 10] INFO  o.a.p.ModelValidator:42 - Validating elements
10:57:52.778 [Daemon worker Thread 10] DEBUG o.a.p.ModelValidator:62 - Validating with EActivityHandler: [com.ebupt.mergeairplay.MainActivity]
10:57:52.780 [Daemon worker Thread 10] DEBUG o.a.p.ModelValidator:62 - Validating with ViewByIdHandler: [mToolbar, mWebView]
10:57:52.781 [Daemon worker Thread 10] DEBUG o.a.p.ModelValidator:62 - Validating with AfterViewsHandler: [initViews()]
10:57:52.787 [Daemon worker Thread 10] INFO  o.a.p.ModelProcessor:74 - Processing root elements
10:57:52.787 [Daemon worker Thread 10] DEBUG o.a.p.ModelProcessor:176 - Processing root elements EActivityHandler: [com.ebupt.mergeairplay.MainActivity]
10:57:52.806 [Daemon worker Thread 10] INFO  o.a.p.ModelProcessor:86 - Processing enclosed elements
10:57:52.808 [Daemon worker Thread 10] INFO  o.a.AndroidAnnotationProcessor:249 - Number of files generated by AndroidAnnotations: 1
10:57:52.809 [Daemon worker Thread 10] INFO  o.a.g.ApiCodeGenerator:52 - Writting following API classes in project: []
10:57:52.810 [Daemon worker Thread 10] DEBUG o.a.g.SourceCodewriter:55 - Generating class: com.ebupt.mergeairplay.MainActivity_
10:57:52.822 [Daemon worker Thread 10] INFO  o.a.p.TimeStats:81 - Time measurements: [Whole Processing = 64 ms], [Process Annotations = 26 ms], [Generate Sources = 14 ms], [Find R Classes = 7 ms], [Validate Annotations = 5 ms], [Extract Manifest = 4 ms], [Extract Annotations = 2 ms], 
10:57:52.822 [Daemon worker Thread 10] INFO  o.a.AndroidAnnotationProcessor:121 - Finish processing
